<?xml version="1.0" encoding="UTF-8"?>
<!-- Generated by org.testng.reporters.JUnitReportReporter -->
<testsuite hostname="DESKTOP-91T073M" failures="0" tests="3" name="test.LoginTest" time="14.233" errors="0" timestamp="2022-08-26T23:02:28 IST" skipped="0">
  <testcase classname="test.LoginTest" name="verifycurrentUrl" time="0.052"/>
  <system-out/>
  <testcase classname="test.LoginTest" name="verifytitleLoginPage" time="7.955"/>
  <system-out/>
  <testcase classname="test.LoginTest" name="verifyLogin" time="6.226"/>
  <system-out/>
</testsuite> <!-- test.LoginTest -->
