<?xml version="1.0" encoding="UTF-8"?>
<!-- Generated by org.testng.reporters.JUnitReportReporter -->
<testsuite hostname="DESKTOP-91T073M" failures="0" tests="1" name="test.PimTest" time="3.880" errors="0" timestamp="2022-08-26T14:27:34 IST" skipped="0">
  <testcase classname="test.PimTest" name="verifychecklist" time="3.880"/>
  <system-out/>
</testsuite> <!-- test.PimTest -->
