<?xml version="1.0" encoding="UTF-8"?>
<!-- Generated by org.testng.reporters.JUnitReportReporter -->
<testsuite hostname="DESKTOP-91T073M" failures="0" tests="3" name="test.LoginTest" time="4.331" errors="0" timestamp="2022-08-26T12:18:20 IST" skipped="0">
  <testcase classname="test.LoginTest" name="verifycurrentUrl" time="0.027"/>
  <system-out/>
  <testcase classname="test.LoginTest" name="verifytitleLoginPage" time="0.532"/>
  <system-out/>
  <testcase classname="test.LoginTest" name="verifyLogin" time="3.772"/>
  <system-out/>
</testsuite> <!-- test.LoginTest -->
